<?xml version="1.0" encoding="UTF-8"?>
<!-- Generated by org.testng.reporters.JUnitReportReporter -->
<testsuite hostname="MMLDVJITESHGHAD" failures="0" tests="1" name="com.banking.TestCases.LoginTestCase" time="2.340" errors="0" timestamp="2024-07-19T17:14:05 IST" skipped="0">
  <testcase classname="com.banking.TestCases.LoginTestCase" name="loginMethodTestCase" time="2.340"/>
</testsuite> <!-- com.banking.TestCases.LoginTestCase -->
